<?xml version="1.0" encoding="UTF-8"?>
<testsuite name="Login Test"
           tests="7"
           failures="0"
           errors="0"
           skipped="0"
           time="326.191">
  <properties />
  
  
            <testcase name="verifyJobSearchResultUsingDifferentDataSet1" time="47.141" classname="uk.co.library.testsuite.JobSearchTest" />
                <testcase name="verifyJobSearchResultUsingDifferentDataSet1" time="47.113" classname="uk.co.library.testsuite.JobSearchTest" />
                <testcase name="verifyJobSearchResultUsingDifferentDataSet1" time="47.034" classname="uk.co.library.testsuite.JobSearchTest" />
                <testcase name="verifyJobSearchResultUsingDifferentDataSet1" time="46.281" classname="uk.co.library.testsuite.JobSearchTest" />
                <testcase name="verifyJobSearchResultUsingDifferentDataSet1" time="46.878" classname="uk.co.library.testsuite.JobSearchTest" />
                <testcase name="verifyJobSearchResultUsingDifferentDataSet1" time="45.590" classname="uk.co.library.testsuite.JobSearchTest" />
                <testcase name="verifyJobSearchResultUsingDifferentDataSet1" time="46.154" classname="uk.co.library.testsuite.JobSearchTest" />
      
</testsuite>
